<?xml version="1.0" encoding="UTF-8"?>
<!-- Generated by org.testng.reporters.JUnitReportReporter -->
<testsuite hostname="DESKTOP-MUMMMVL" failures="0" tests="9" name="testng.invocationcountTest" time="0.013" errors="0" timestamp="2021-06-28T16:56:41 IST" skipped="0">
  <testcase classname="testng.invocationcountTest" name="sum" time="0.001"/>
  <system-out/>
  <testcase classname="testng.invocationcountTest" name="sum" time="0.002"/>
  <system-out/>
  <testcase classname="testng.invocationcountTest" name="sum" time="0.001"/>
  <system-out/>
  <testcase classname="testng.invocationcountTest" name="sum" time="0.002"/>
  <system-out/>
  <testcase classname="testng.invocationcountTest" name="sum" time="0.002"/>
  <system-out/>
  <testcase classname="testng.invocationcountTest" name="sum" time="0.001"/>
  <system-out/>
  <testcase classname="testng.invocationcountTest" name="sum" time="0.001"/>
  <system-out/>
  <testcase classname="testng.invocationcountTest" name="sum" time="0.001"/>
  <system-out/>
  <testcase classname="testng.invocationcountTest" name="sum" time="0.002"/>
  <system-out/>
</testsuite> <!-- testng.invocationcountTest -->
