<?xml version="1.0" encoding="UTF-8"?>
<!-- Generated by org.testng.reporters.JUnitReportReporter -->
<testsuite hostname="DESKTOP-MUMMMVL" failures="0" tests="2" name="testng.testngbasics" time="0.005" errors="0" timestamp="2021-06-28T16:56:41 IST" skipped="0">
  <testcase classname="testng.testngbasics" name="googletitletest" time="0.004"/>
  <system-out/>
  <testcase classname="testng.testngbasics" name="searchtest" time="0.001"/>
  <system-out/>
</testsuite> <!-- testng.testngbasics -->
